<?xml version="1.0" encoding="UTF-8"?>
<!-- Generated by org.testng.reporters.JUnitReportReporter -->
<testsuite hostname="LAPTOP-RBMMUDIV" failures="0" tests="3" name="practice.testng.ContactTest" time="0.018" errors="0" timestamp="2025-07-22T16:02:34 IST" skipped="0">
  <testcase classname="practice.testng.ContactTest" name="createContactTest" time="0.013"/>
  <testcase classname="practice.testng.ContactTest" name="modifyContactTest" time="0.003"/>
  <testcase classname="practice.testng.ContactTest" name="deleteContactTest" time="0.002"/>
</testsuite> <!-- practice.testng.ContactTest -->
