<?xml version="1.0" encoding="UTF-8"?>
<!-- Generated by org.testng.reporters.JUnitReportReporter -->
<testsuite hostname="LAPTOP-RBMMUDIV" failures="0" tests="11" name="practice.testng.OrderTest" time="0.030" errors="0" timestamp="2025-07-15T17:05:27 IST" skipped="1">
  <testcase classname="practice.testng.OrderTest" name="createOrderTest" time="0.001"/>
  <testcase classname="practice.testng.OrderTest" name="createOrderTest" time="0.017"/>
  <testcase classname="practice.testng.OrderTest" name="createOrderTest" time="0.002"/>
  <testcase classname="practice.testng.OrderTest" name="createOrderTest" time="0.002"/>
  <testcase classname="practice.testng.OrderTest" name="createOrderTest" time="0.002"/>
  <testcase classname="practice.testng.OrderTest" name="createOrderTest" time="0.001"/>
  <testcase classname="practice.testng.OrderTest" name="createOrderTest" time="0.001"/>
  <testcase classname="practice.testng.OrderTest" name="createOrderTest" time="0.001"/>
  <testcase classname="practice.testng.OrderTest" name="createOrderTest" time="0.002"/>
  <testcase classname="practice.testng.OrderTest" name="createOrderTest" time="0.001"/>
  <testcase classname="practice.testng.OrderTest" name="billingAnOrderTest">
    <skipped/>
  </testcase> <!-- billingAnOrderTest -->
</testsuite> <!-- practice.testng.OrderTest -->
