<?xml version="1.0" encoding="UTF-8"?>
<!-- Generated by org.testng.reporters.JUnitReportReporter -->
<testsuite hostname="LAPTOP-RBMMUDIV" failures="0" tests="3" name="practice.testng.CreateContact_DataProvider_Test" time="0.009" errors="0" timestamp="2025-07-16T15:02:33 IST" skipped="0">
  <testcase classname="practice.testng.CreateContact_DataProvider_Test" name="createContact" time="0.001"/>
  <testcase classname="practice.testng.CreateContact_DataProvider_Test" name="createContact" time="0.001"/>
  <testcase classname="practice.testng.CreateContact_DataProvider_Test" name="createContact" time="0.007"/>
</testsuite> <!-- practice.testng.CreateContact_DataProvider_Test -->
