<?xml version="1.0" encoding="UTF-8"?>
<!-- Generated by org.testng.reporters.JUnitReportReporter -->
<testsuite hostname="LAPTOP-RBMMUDIV" failures="0" tests="2" name="com.crm.comcast.orgtest.CreateOrgTest" time="0.003" errors="0" timestamp="2025-07-23T10:13:04 IST" skipped="0">
  <testcase classname="com.crm.comcast.orgtest.CreateOrgTest" name="createOrg" time="0.001"/>
  <testcase classname="com.crm.comcast.orgtest.CreateOrgTest" name="createOrgWithIndustry" time="0.002"/>
</testsuite> <!-- com.crm.comcast.orgtest.CreateOrgTest -->
