<?xml version="1.0" encoding="UTF-8"?>
<!-- Generated by org.testng.reporters.JUnitReportReporter -->
<testsuite hostname="LAPTOP-RBMMUDIV" failures="0" tests="2" name="com.crm.comcast.contacttest.CreateContactTest" time="0.013" errors="0" timestamp="2025-07-23T10:13:04 IST" skipped="0">
  <testcase classname="com.crm.comcast.contacttest.CreateContactTest" name="createContactWithDate" time="0.006"/>
  <testcase classname="com.crm.comcast.contacttest.CreateContactTest" name="createContact" time="0.007"/>
</testsuite> <!-- com.crm.comcast.contacttest.CreateContactTest -->
