<?xml version="1.0" encoding="UTF-8"?>
<!-- Generated by org.testng.reporters.JUnitReportReporter -->
<testsuite hostname="LAPTOP-RBMMUDIV" failures="0" tests="3" name="practice.testng.SampleReportTest" time="0.019" errors="0" timestamp="2025-08-04T12:53:10 IST" skipped="0">
  <testcase classname="practice.testng.SampleReportTest" name="createcontactWithPhoneNumber" time="0.003"/>
  <testcase classname="practice.testng.SampleReportTest" name="createContactWithOrg" time="0.013"/>
  <testcase classname="practice.testng.SampleReportTest" name="createcontactTest" time="0.003"/>
</testsuite> <!-- practice.testng.SampleReportTest -->
