<?xml version="1.0" encoding="UTF-8"?>
<!-- Generated by org.testng.reporters.JUnitReportReporter -->
<testsuite hostname="LAPTOP-RBMMUDIV" failures="0" tests="1" name="practicedatadriventesting.SampleUnitTestCheckProjectInBackEnd" time="0.713" errors="0" timestamp="2025-07-03T15:49:08 IST" skipped="0">
  <testcase classname="practicedatadriventesting.SampleUnitTestCheckProjectInBackEnd" name="projectCheckTest" time="0.713"/>
</testsuite> <!-- practicedatadriventesting.SampleUnitTestCheckProjectInBackEnd -->
