<?xml version="1.0" encoding="UTF-8"?>
<!-- Generated by org.testng.reporters.JUnitReportReporter -->
<testsuite hostname="LAPTOP-RBMMUDIV" failures="0" tests="2" name="practice.hometest.HomePageVerificationTest" time="13.296" errors="0" timestamp="2025-07-30T15:04:32 IST" skipped="0">
  <testcase classname="practice.hometest.HomePageVerificationTest" name="homepageTest" time="8.082"/>
  <testcase classname="practice.hometest.HomePageVerificationTest" name="verifyLogoHomePageTest" time="5.214"/>
</testsuite> <!-- practice.hometest.HomePageVerificationTest -->
