<?xml version="1.0" encoding="UTF-8"?>
<!-- Generated by org.testng.reporters.JUnitReportReporter -->
<testsuite hostname="LAPTOP-RBMMUDIV" failures="0" tests="1" name="practice.testng.SampleTestForScreenShot" time="3.333" errors="0" timestamp="2025-08-04T15:22:43 IST" skipped="0">
  <testcase classname="practice.testng.SampleTestForScreenShot" name="createcontactTest" time="3.333"/>
</testsuite> <!-- practice.testng.SampleTestForScreenShot -->
