<?xml version="1.0" encoding="UTF-8"?>
<!-- Generated by org.testng.reporters.JUnitReportReporter -->
<testsuite hostname="LAPTOP-RBMMUDIV" failures="0" tests="3" name="practice.testng.CreateContact_DP_Test1" time="0.011" errors="0" timestamp="2025-07-16T15:08:00 IST" skipped="0">
  <testcase classname="practice.testng.CreateContact_DP_Test1" name="createContact" time="0.000"/>
  <testcase classname="practice.testng.CreateContact_DP_Test1" name="createContact" time="0.010"/>
  <testcase classname="practice.testng.CreateContact_DP_Test1" name="createContact" time="0.001"/>
</testsuite> <!-- practice.testng.CreateContact_DP_Test1 -->
