<?xml version="1.0" encoding="UTF-8"?>
<!-- Generated by org.testng.reporters.JUnitReportReporter -->
<testsuite hostname="LAPTOP-RBMMUDIV" failures="0" tests="1" name="practice.pom.repository.Autohealing" time="3.103" errors="0" timestamp="2025-07-15T16:12:17 IST" skipped="0">
  <testcase classname="practice.pom.repository.Autohealing" name="sampleTest" time="3.103"/>
</testsuite> <!-- practice.pom.repository.Autohealing -->
