<?xml version="1.0" encoding="UTF-8"?>
<!-- Generated by org.testng.reporters.JUnitReportReporter -->
<testsuite hostname="LAPTOP-RBMMUDIV" failures="0" tests="1" name="brokenlinks.Sample" time="1.695" errors="0" timestamp="2025-07-22T16:12:05 IST" skipped="0">
  <testcase classname="brokenlinks.Sample" name="launchBrowser" time="1.695"/>
</testsuite> <!-- brokenlinks.Sample -->
