<?xml version="1.0" encoding="UTF-8"?>
<!-- Generated by org.testng.reporters.JUnitReportReporter -->
<testsuite hostname="LAPTOP-RBMMUDIV" failures="0" tests="2" name="practice.testng.SampleTest" time="0.017" errors="0" timestamp="2025-07-15T16:23:37 IST" skipped="0">
  <testcase classname="practice.testng.SampleTest" name="createContactWithPhoneNumberTest" time="0.003"/>
  <testcase classname="practice.testng.SampleTest" name="createContactTest" time="0.014"/>
</testsuite> <!-- practice.testng.SampleTest -->
