<?xml version="1.0" encoding="UTF-8"?>
<!-- Generated by org.testng.reporters.JUnitReportReporter -->
<testsuite hostname="LAPTOP-RBMMUDIV" failures="0" tests="2" name="practice.hometest.HomePageSampleTestWithReporter" time="0.012" errors="0" timestamp="2025-07-30T15:56:49 IST" skipped="0">
  <testcase classname="practice.hometest.HomePageSampleTestWithReporter" name="homepageTest" time="0.010">
    <system-out>
      <![CDATA[null
Step-1
Step-2
Step-3
Step-4
homepageTest Test End]]>
    </system-out>
  </testcase> <!-- homepageTest -->
  <testcase classname="practice.hometest.HomePageSampleTestWithReporter" name="verifyLogoHomePageTest" time="0.002">
    <system-out>
      <![CDATA[verifyLogoHomePageTestTest Start
Step-1
Step-2
Step-3
Step-4
verifyLogoHomePageTest Test End]]>
    </system-out>
  </testcase> <!-- verifyLogoHomePageTest -->
  <system-out>
    <![CDATA[null
Step-1
Step-2
Step-3
Step-4
homepageTest Test End
verifyLogoHomePageTestTest Start
Step-1
Step-2
Step-3
Step-4
verifyLogoHomePageTest Test End]]>
  </system-out>
</testsuite> <!-- practice.hometest.HomePageSampleTestWithReporter -->
