<?xml version="1.0" encoding="UTF-8"?>
<!-- Generated by org.testng.reporters.JUnitReportReporter -->
<testsuite hostname="LAPTOP-RBMMUDIV" failures="0" tests="1" name="practicedatadriventesting.ReadRntimeMavenParameterTest" time="0.015" errors="0" timestamp="30 Jun 2025 11:55:43 GMT" skipped="0">
  <testcase classname="practicedatadriventesting.ReadRntimeMavenParameterTest" name="runtimeParameterTest" time="0.015"/>
</testsuite> <!-- practicedatadriventesting.ReadRntimeMavenParameterTest -->
