<?xml version="1.0" encoding="UTF-8"?>
<!-- Generated by org.testng.reporters.JUnitReportReporter -->
<testsuite hostname="LAPTOP-RBMMUDIV" failures="0" tests="1" name="practicedatadriventesting.SeleniumTestReadDataFromRunTime" time="12.606" errors="0" timestamp="30 Jun 2025 12:24:26 GMT" skipped="0">
  <testcase classname="practicedatadriventesting.SeleniumTestReadDataFromRunTime" name="seleniumTest" time="12.606"/>
</testsuite> <!-- practicedatadriventesting.SeleniumTestReadDataFromRunTime -->
